<?xml version="1.0" encoding="UTF-8"?>
<testng-results skipped="0" failed="0" ignored="0" total="1" passed="1">
  <reporter-output>
  </reporter-output>
  <suite name="Default suite" duration-ms="14634" started-at="2019-05-21T11:36:30Z" finished-at="2019-05-21T11:36:45Z">
    <groups>
    </groups>
    <test name="Default test" duration-ms="14634" started-at="2019-05-21T11:36:30Z" finished-at="2019-05-21T11:36:45Z">
      <class name="tests.AmazonTests">
        <test-method status="PASS" signature="beforeClass()[pri:0, instance:tests.AmazonTests@1bce4f0a]" name="beforeClass" is-config="true" duration-ms="6088" started-at="2019-05-21T11:36:30Z" finished-at="2019-05-21T11:36:36Z">
          <reporter-output>
          </reporter-output>
        </test-method> <!-- beforeClass -->
        <test-method status="PASS" signature="_002_logInToAmazon()[pri:0, instance:tests.AmazonTests@1bce4f0a]" name="_002_logInToAmazon" duration-ms="8507" started-at="2019-05-21T11:36:36Z" finished-at="2019-05-21T11:36:45Z">
          <reporter-output>
          </reporter-output>
        </test-method> <!-- _002_logInToAmazon -->
      </class> <!-- tests.AmazonTests -->
    </test> <!-- Default test -->
  </suite> <!-- Default suite -->
</testng-results>
